<?xml version="1.0" encoding="utf-8"?><testsuites name="pytest tests"><testsuite name="pytest" errors="0" failures="0" skipped="0" tests="12" time="2.874" timestamp="2026-04-21T22:22:57.609586+00:00" hostname="agent-env-1d0106b2-004a-4f17-9962-c4bb5bb3ff53"><testcase classname="tests.test_iteration5" name="test_version" time="0.304" /><testcase classname="tests.test_iteration5" name="test_auth_me" time="0.069" /><testcase classname="tests.test_iteration5" name="test_activity_logged_on_event_shopping_note" time="0.420" /><testcase classname="tests.test_iteration5" name="test_activity_since_filter" time="0.300" /><testcase classname="tests.test_iteration5" name="test_meal_crud" time="0.328" /><testcase classname="tests.test_iteration5" name="test_meals_to_shopping_aggregates_unique_ingredients" time="0.588" /><testcase classname="tests.test_iteration5" name="test_event_exception_skip_next" time="0.222" /><testcase classname="tests.test_iteration5" name="test_transfer_ownership_forbidden_for_non_owner" time="0.172" /><testcase classname="tests.test_iteration5" name="test_transfer_ownership_to_self_400" time="0.049" /><testcase classname="tests.test_iteration5" name="test_transfer_ownership_target_not_in_family_404" time="0.049" /><testcase classname="tests.test_iteration5" name="test_transfer_ownership_happy_path" time="0.277" /><testcase classname="tests.test_iteration5" name="test_zz_cleanup_seeded" time="0.004" /></testsuite></testsuites>