<?xml version="1.0" encoding="utf-8"?><testsuites name="pytest tests"><testsuite name="pytest" errors="0" failures="1" skipped="0" tests="11" time="2.989" timestamp="2026-04-21T22:46:38.090262+00:00" hostname="agent-env-1d0106b2-004a-4f17-9962-c4bb5bb3ff53"><testcase classname="tests.test_iteration6_v2" name="test_list_templates_empty_ok" time="0.334" /><testcase classname="tests.test_iteration6_v2" name="test_create_template" time="0.228" /><testcase classname="tests.test_iteration6_v2" name="test_list_templates_includes_created" time="0.130" /><testcase classname="tests.test_iteration6_v2" name="test_update_template" time="0.420" /><testcase classname="tests.test_iteration6_v2" name="test_apply_template_creates_meal" time="0.484" /><testcase classname="tests.test_iteration6_v2" name="test_apply_logs_activity" time="0.162" /><testcase classname="tests.test_iteration6_v2" name="test_apply_template_not_found" time="0.132" /><testcase classname="tests.test_iteration6_v2" name="test_activity_limit_param" time="0.134" /><testcase classname="tests.test_iteration6_v2" name="test_activity_before_cursor_pagination" time="0.266"><failure message="AssertionError: before cursor not honoured: got created_at=2026-04-21T22:46:39.472690+00:00 &gt;= cursor=2026-04-21T22:23:38.537937+00:00&#10;assert '2026-04-21T22:46:39.472690+00:00' &lt; '2026-04-21T22:23:38.537937+00:00'">tests/test_iteration6_v2.py:133: in test_activity_before_cursor_pagination
    assert item["created_at"] &lt; cursor, (
E   AssertionError: before cursor not honoured: got created_at=2026-04-21T22:46:39.472690+00:00 &gt;= cursor=2026-04-21T22:23:38.537937+00:00
E   assert '2026-04-21T22:46:39.472690+00:00' &lt; '2026-04-21T22:23:38.537937+00:00'</failure></testcase><testcase classname="tests.test_iteration6_v2" name="test_activity_limit_max_capped" time="0.199" /><testcase classname="tests.test_iteration6_v2" name="test_zz_cleanup" time="0.396" /></testsuite></testsuites>