<?xml version="1.0" encoding="utf-8"?><testsuites name="pytest tests"><testsuite name="pytest" errors="0" failures="0" skipped="0" tests="14" time="1.439" timestamp="2026-04-21T22:11:03.565142+00:00" hostname="agent-env-1d0106b2-004a-4f17-9962-c4bb5bb3ff53"><testcase classname="tests.test_iteration4.TestEventExceptions" name="test_create_event_has_empty_exceptions" time="0.258" /><testcase classname="tests.test_iteration4.TestEventExceptions" name="test_add_exception" time="0.079" /><testcase classname="tests.test_iteration4.TestEventExceptions" name="test_add_exception_idempotent" time="0.055" /><testcase classname="tests.test_iteration4.TestEventExceptions" name="test_add_multiple_exceptions" time="0.067" /><testcase classname="tests.test_iteration4.TestEventExceptions" name="test_get_events_includes_exceptions" time="0.074" /><testcase classname="tests.test_iteration4.TestEventExceptions" name="test_remove_exception" time="0.073" /><testcase classname="tests.test_iteration4.TestEventExceptions" name="test_add_exception_nonexistent_event" time="0.074" /><testcase classname="tests.test_iteration4.TestEventExceptions" name="test_remove_exception_unauth" time="0.186" /><testcase classname="tests.test_iteration4.TestEventExceptions" name="test_zz_cleanup_event" time="0.079" /><testcase classname="tests.test_iteration4.TestOwnerPermissions" name="test_owner_can_rename_family" time="0.062" /><testcase classname="tests.test_iteration4.TestOwnerPermissions" name="test_non_owner_cannot_rename" time="0.069" /><testcase classname="tests.test_iteration4.TestOwnerPermissions" name="test_auth_me_returns_is_owner" time="0.079" /><testcase classname="tests.test_iteration4.TestOwnerPermissions" name="test_family_members_includes_is_owner" time="0.084" /><testcase classname="tests.test_iteration4.TestOwnerPermissions" name="test_zz_restore_family_name" time="0.074" /></testsuite></testsuites>