<?xml version="1.0" encoding="utf-8"?><testsuites name="pytest tests"><testsuite name="pytest" errors="0" failures="0" skipped="0" tests="4" time="0.671" timestamp="2026-04-21T21:58:23.313798+00:00" hostname="agent-env-1d0106b2-004a-4f17-9962-c4bb5bb3ff53"><testcase classname="backend.tests.test_iteration2.TestEventRecurring" name="test_create_event_with_recurring_fields" time="0.256" /><testcase classname="backend.tests.test_iteration2.TestEventRecurring" name="test_update_event_recurring_fields" time="0.075" /><testcase classname="backend.tests.test_iteration2.TestEventRecurring" name="test_default_values_when_fields_omitted" time="0.213" /><testcase classname="backend.tests.test_iteration2.TestEventRecurring" name="test_cleanup_recurring_event" time="0.067" /></testsuite></testsuites>