<?xml version="1.0" encoding="utf-8"?><testsuites name="pytest tests"><testsuite name="pytest" errors="0" failures="1" skipped="0" tests="14" time="1.307" timestamp="2026-04-21T22:05:59.065145+00:00" hostname="agent-env-1d0106b2-004a-4f17-9962-c4bb5bb3ff53"><testcase classname="backend.tests.test_iteration4.TestEventExceptions" name="test_create_event_has_empty_exceptions" time="0.241" /><testcase classname="backend.tests.test_iteration4.TestEventExceptions" name="test_add_exception" time="0.049" /><testcase classname="backend.tests.test_iteration4.TestEventExceptions" name="test_add_exception_idempotent" time="0.058" /><testcase classname="backend.tests.test_iteration4.TestEventExceptions" name="test_add_multiple_exceptions" time="0.093" /><testcase classname="backend.tests.test_iteration4.TestEventExceptions" name="test_get_events_includes_exceptions" time="0.050" /><testcase classname="backend.tests.test_iteration4.TestEventExceptions" name="test_remove_exception" time="0.055" /><testcase classname="backend.tests.test_iteration4.TestEventExceptions" name="test_add_exception_nonexistent_event" time="0.046" /><testcase classname="backend.tests.test_iteration4.TestEventExceptions" name="test_remove_exception_unauth" time="0.208" /><testcase classname="backend.tests.test_iteration4.TestEventExceptions" name="test_zz_cleanup_event" time="0.062" /><testcase classname="backend.tests.test_iteration4.TestOwnerPermissions" name="test_owner_can_rename_family" time="0.072" /><testcase classname="backend.tests.test_iteration4.TestOwnerPermissions" name="test_non_owner_cannot_rename" time="0.050" /><testcase classname="backend.tests.test_iteration4.TestOwnerPermissions" name="test_auth_me_returns_is_owner" time="0.052" /><testcase classname="backend.tests.test_iteration4.TestOwnerPermissions" name="test_family_members_includes_is_owner" time="0.053"><failure message="AssertionError: Parent missing is_owner: {'user_id': 'test-user-solo-1776808359819', 'family_id': 'family-1776655943013', 'email': 'solo.1776808359819@example.com', 'name': 'Solo Parent', 'role': 'parent', 'created_at': '2026-04-21T21:52:39.819000'}&#10;assert 'is_owner' in {'created_at': '2026-04-21T21:52:39.819000', 'email': 'solo.1776808359819@example.com', 'family_id': 'family-1776655943013', 'name': 'Solo Parent', ...}">backend/tests/test_iteration4.py:146: in test_family_members_includes_is_owner
    assert "is_owner" in p, f"Parent missing is_owner: {p}"
E   AssertionError: Parent missing is_owner: {'user_id': 'test-user-solo-1776808359819', 'family_id': 'family-1776655943013', 'email': 'solo.1776808359819@example.com', 'name': 'Solo Parent', 'role': 'parent', 'created_at': '2026-04-21T21:52:39.819000'}
E   assert 'is_owner' in {'created_at': '2026-04-21T21:52:39.819000', 'email': 'solo.1776808359819@example.com', 'family_id': 'family-1776655943013', 'name': 'Solo Parent', ...}</failure></testcase><testcase classname="backend.tests.test_iteration4.TestOwnerPermissions" name="test_zz_restore_family_name" time="0.050" /></testsuite></testsuites>