<?xml version="1.0" encoding="utf-8"?><testsuites name="pytest tests"><testsuite name="pytest" errors="0" failures="2" skipped="0" tests="37" time="4.232" timestamp="2026-04-21T21:58:30.204701+00:00" hostname="agent-env-1d0106b2-004a-4f17-9962-c4bb5bb3ff53"><testcase classname="backend.tests.test_iteration2.TestFamilyInfo" name="test_family_info_auto_creates_meta" time="0.150" /><testcase classname="backend.tests.test_iteration2.TestFamilyInfo" name="test_family_info_unauth" time="0.175" /><testcase classname="backend.tests.test_iteration2.TestFamilyInfo" name="test_family_info_update_name" time="0.134" /><testcase classname="backend.tests.test_iteration2.TestFamilyInfo" name="test_family_info_reject_empty_name" time="0.065" /><testcase classname="backend.tests.test_iteration2.TestFamilyInfo" name="test_family_info_reject_long_name" time="0.068" /><testcase classname="backend.tests.test_iteration2.TestPreviewCode" name="test_get_short_code" time="0.071" /><testcase classname="backend.tests.test_iteration2.TestPreviewCode" name="test_preview_public_no_auth" time="0.059" /><testcase classname="backend.tests.test_iteration2.TestPreviewCode" name="test_preview_lowercase_normalised" time="0.062" /><testcase classname="backend.tests.test_iteration2.TestPreviewCode" name="test_preview_not_found" time="0.066" /><testcase classname="backend.tests.test_iteration2.TestInvites" name="test_create_invite" time="0.065" /><testcase classname="backend.tests.test_iteration2.TestInvites" name="test_list_invites" time="0.070" /><testcase classname="backend.tests.test_iteration2.TestInvites" name="test_preview_invite_public" time="0.063" /><testcase classname="backend.tests.test_iteration2.TestInvites" name="test_preview_invalid_invite" time="0.061" /><testcase classname="backend.tests.test_iteration2.TestInvites" name="test_list_invites_unauth" time="0.059" /><testcase classname="backend.tests.test_iteration2.TestInvites" name="test_revoke_invite" time="0.141" /><testcase classname="backend.tests.test_iteration2.TestInvites" name="test_revoke_nonexistent" time="0.065" /><testcase classname="backend.tests.test_iteration2.TestInvites" name="test_auth_session_accepts_invite_token_param" time="0.165" /><testcase classname="backend.tests.test_iteration2.TestFamilyJoin" name="test_join_requires_auth" time="0.059" /><testcase classname="backend.tests.test_iteration2.TestFamilyJoin" name="test_join_invalid_code" time="0.186" /><testcase classname="backend.tests.test_iteration2.TestFamilyJoin" name="test_primary_cannot_join_own_family" time="0.145" /><testcase classname="backend.tests.test_iteration2.TestFamilyJoin" name="test_primary_with_data_cannot_join_solo" time="0.207"><failure message="assert ('data' in &quot;you're already in this family&quot; or 'members' in &quot;you're already in this family&quot;)&#10; +  where &quot;you're already in this family&quot; = &lt;built-in method lower of str object at 0xf8a703379d90&gt;()&#10; +    where &lt;built-in method lower of str object at 0xf8a703379d90&gt; = &quot;You're already in this family&quot;.lower&#10; +      where &quot;You're already in this family&quot; = &lt;built-in method get of dict object at 0xf8a703393980&gt;('detail', '')&#10; +        where &lt;built-in method get of dict object at 0xf8a703393980&gt; = {'detail': &quot;You're already in this family&quot;}.get&#10; +          where {'detail': &quot;You're already in this family&quot;} = json()&#10; +            where json = &lt;Response [400]&gt;.json&#10; +  and   &quot;you're already in this family&quot; = &lt;built-in method lower of str object at 0xf8a70339c030&gt;()&#10; +    where &lt;built-in method lower of str object at 0xf8a70339c030&gt; = &quot;You're already in this family&quot;.lower&#10; +      where &quot;You're already in this family&quot; = &lt;built-in method get of dict object at 0xf8a7033991c0&gt;('detail', '')&#10; +        where &lt;built-in method get of dict object at 0xf8a7033991c0&gt; = {'detail': &quot;You're already in this family&quot;}.get&#10; +          where {'detail': &quot;You're already in this family&quot;} = json()&#10; +            where json = &lt;Response [400]&gt;.json">backend/tests/test_iteration2.py:180: in test_primary_with_data_cannot_join_solo
    assert "data" in r.json().get("detail", "").lower() or "members" in r.json().get("detail", "").lower()
E   assert ('data' in "you're already in this family" or 'members' in "you're already in this family")
E    +  where "you're already in this family" = &lt;built-in method lower of str object at 0xf8a703379d90&gt;()
E    +    where &lt;built-in method lower of str object at 0xf8a703379d90&gt; = "You're already in this family".lower
E    +      where "You're already in this family" = &lt;built-in method get of dict object at 0xf8a703393980&gt;('detail', '')
E    +        where &lt;built-in method get of dict object at 0xf8a703393980&gt; = {'detail': "You're already in this family"}.get
E    +          where {'detail': "You're already in this family"} = json()
E    +            where json = &lt;Response [400]&gt;.json
E    +  and   "you're already in this family" = &lt;built-in method lower of str object at 0xf8a70339c030&gt;()
E    +    where &lt;built-in method lower of str object at 0xf8a70339c030&gt; = "You're already in this family".lower
E    +      where "You're already in this family" = &lt;built-in method get of dict object at 0xf8a7033991c0&gt;('detail', '')
E    +        where &lt;built-in method get of dict object at 0xf8a7033991c0&gt; = {'detail': "You're already in this family"}.get
E    +          where {'detail': "You're already in this family"} = json()
E    +            where json = &lt;Response [400]&gt;.json</failure></testcase><testcase classname="backend.tests.test_iteration2.TestFamilyJoin" name="test_solo_can_join_primary" time="0.133"><failure message="AssertionError: Join failed: {&quot;detail&quot;:&quot;You're already in this family&quot;}&#10;assert 400 == 200&#10; +  where 400 = &lt;Response [400]&gt;.status_code">backend/tests/test_iteration2.py:187: in test_solo_can_join_primary
    assert r.status_code == 200, f"Join failed: {r.text}"
E   AssertionError: Join failed: {"detail":"You're already in this family"}
E   assert 400 == 200
E    +  where 400 = &lt;Response [400]&gt;.status_code</failure></testcase><testcase classname="backend.tests.test_iteration2.TestFamilyJoin" name="test_already_in_target_family" time="0.348" /><testcase classname="backend.tests.test_iteration2.TestEventRecurring" name="test_create_event_with_recurring_fields" time="0.128" /><testcase classname="backend.tests.test_iteration2.TestEventRecurring" name="test_update_event_recurring_fields" time="0.068" /><testcase classname="backend.tests.test_iteration2.TestEventRecurring" name="test_default_values_when_fields_omitted" time="0.199" /><testcase classname="backend.tests.test_iteration2.TestEventRecurring" name="test_cleanup_recurring_event" time="0.060" /><testcase classname="backend.tests.test_iteration2.TestTemplates" name="test_create_template" time="0.071" /><testcase classname="backend.tests.test_iteration2.TestTemplates" name="test_list_templates" time="0.064" /><testcase classname="backend.tests.test_iteration2.TestTemplates" name="test_update_template" time="0.069" /><testcase classname="backend.tests.test_iteration2.TestTemplates" name="test_apply_template_adds_items" time="0.260" /><testcase classname="backend.tests.test_iteration2.TestTemplates" name="test_delete_template" time="0.126" /><testcase classname="backend.tests.test_iteration2.TestTemplates" name="test_delete_nonexistent_template" time="0.063" /><testcase classname="backend.tests.test_iteration2.TestTemplates" name="test_templates_unauth" time="0.061" /><testcase classname="backend.tests.test_iteration2.TestZCleanup" name="test_cleanup_shopping_items" time="0.136" /><testcase classname="backend.tests.test_iteration2.TestZCleanup" name="test_cleanup_children" time="0.133" /><testcase classname="backend.tests.test_iteration2.TestZCleanup" name="test_cleanup_family_name" time="0.068" /></testsuite></testsuites>