<?xml version="1.0" encoding="utf-8"?><testsuites name="pytest tests"><testsuite name="pytest" errors="0" failures="1" skipped="0" tests="10" time="3.933" timestamp="2026-04-22T02:13:40.715729+00:00" hostname="agent-env-1d0106b2-004a-4f17-9962-c4bb5bb3ff53"><testcase classname="tests.test_iteration8" name="test_health_endpoint_works_with_lifespan" time="0.243" /><testcase classname="tests.test_iteration8" name="test_auth_me_returns_user" time="0.064" /><testcase classname="tests.test_iteration8" name="test_meals_to_shopping_rejects_inverted_range" time="0.065"><failure message="AssertionError: expected 400 got 200 body={&quot;added&quot;:0}&#10;assert 200 == 400&#10; +  where 200 = &lt;Response [200]&gt;.status_code">tests/test_iteration8.py:67: in test_meals_to_shopping_rejects_inverted_range
    assert r.status_code == 400, f"expected 400 got {r.status_code} body={r.text[:200]}"
E   AssertionError: expected 400 got 200 body={"added":0}
E   assert 200 == 400
E    +  where 200 = &lt;Response [200]&gt;.status_code</failure></testcase><testcase classname="tests.test_iteration8" name="test_meals_to_shopping_accepts_equal_dates" time="0.070" /><testcase classname="tests.test_iteration8" name="test_meals_to_shopping_accepts_normal_range" time="0.069" /><testcase classname="tests.test_iteration8" name="test_ws_rejects_no_token" time="0.174" /><testcase classname="tests.test_iteration8" name="test_ws_rejects_invalid_token" time="0.147" /><testcase classname="tests.test_iteration8" name="test_ws_hello_and_ping_pong" time="0.277" /><testcase classname="tests.test_iteration8" name="test_ws_broadcast_same_family" time="0.502" /><testcase classname="tests.test_iteration8" name="test_ws_broadcast_isolated_to_family" time="2.212" /></testsuite></testsuites>