<?xml version="1.0" encoding="utf-8"?><testsuites name="pytest tests"><testsuite name="pytest" errors="0" failures="1" skipped="0" tests="35" time="4.809" timestamp="2026-04-21T21:53:43.470154+00:00" hostname="agent-env-1d0106b2-004a-4f17-9962-c4bb5bb3ff53"><testcase classname="backend.tests.test_iteration2.TestFamilyInfo" name="test_family_info_auto_creates_meta" time="0.328" /><testcase classname="backend.tests.test_iteration2.TestFamilyInfo" name="test_family_info_unauth" time="0.205" /><testcase classname="backend.tests.test_iteration2.TestFamilyInfo" name="test_family_info_update_name" time="0.165" /><testcase classname="backend.tests.test_iteration2.TestFamilyInfo" name="test_family_info_reject_empty_name" time="0.067" /><testcase classname="backend.tests.test_iteration2.TestFamilyInfo" name="test_family_info_reject_long_name" time="0.075" /><testcase classname="backend.tests.test_iteration2.TestPreviewCode" name="test_get_short_code" time="0.077" /><testcase classname="backend.tests.test_iteration2.TestPreviewCode" name="test_preview_public_no_auth" time="0.071" /><testcase classname="backend.tests.test_iteration2.TestPreviewCode" name="test_preview_lowercase_normalised" time="0.069" /><testcase classname="backend.tests.test_iteration2.TestPreviewCode" name="test_preview_not_found" time="0.067" /><testcase classname="backend.tests.test_iteration2.TestInvites" name="test_create_invite" time="0.086" /><testcase classname="backend.tests.test_iteration2.TestInvites" name="test_list_invites" time="0.067" /><testcase classname="backend.tests.test_iteration2.TestInvites" name="test_preview_invite_public" time="0.068" /><testcase classname="backend.tests.test_iteration2.TestInvites" name="test_preview_invalid_invite" time="0.067" /><testcase classname="backend.tests.test_iteration2.TestInvites" name="test_list_invites_unauth" time="0.067" /><testcase classname="backend.tests.test_iteration2.TestInvites" name="test_revoke_invite" time="0.141" /><testcase classname="backend.tests.test_iteration2.TestInvites" name="test_revoke_nonexistent" time="0.072" /><testcase classname="backend.tests.test_iteration2.TestInvites" name="test_auth_session_accepts_invite_token_param" time="0.187" /><testcase classname="backend.tests.test_iteration2.TestFamilyJoin" name="test_join_requires_auth" time="0.070" /><testcase classname="backend.tests.test_iteration2.TestFamilyJoin" name="test_join_invalid_code" time="0.214" /><testcase classname="backend.tests.test_iteration2.TestFamilyJoin" name="test_primary_cannot_join_own_family" time="0.142" /><testcase classname="backend.tests.test_iteration2.TestFamilyJoin" name="test_primary_with_data_cannot_join_solo" time="0.324" /><testcase classname="backend.tests.test_iteration2.TestFamilyJoin" name="test_solo_can_join_primary" time="0.277" /><testcase classname="backend.tests.test_iteration2.TestFamilyJoin" name="test_already_in_target_family" time="0.411" /><testcase classname="backend.tests.test_iteration2.TestEventRecurring" name="test_create_event_with_recurring_fields" time="0.140"><failure message="AssertionError: recurring field dropped! stored={'title': 'TEST_Recurring Yoga', 'description': '', 'date': '2026-02-10', 'time': '08:00', 'category': 'sport', 'assigned_to': [], 'color': '#90DBF4', 'event_id': 'evt_8b1456e0e02d', 'family_id': 'family-1776655943013', 'created_by': 'test-user-1776655943013', 'created_at': '2026-04-21T21:53:46.886702+00:00'}&#10;assert None == 'weekly'&#10; +  where None = &lt;built-in method get of dict object at 0xf98fbb287f00&gt;('recurring')&#10; +    where &lt;built-in method get of dict object at 0xf98fbb287f00&gt; = {'assigned_to': [], 'category': 'sport', 'color': '#90DBF4', 'created_at': '2026-04-21T21:53:46.886702+00:00', ...}.get">backend/tests/test_iteration2.py:234: in test_create_event_with_recurring_fields
    assert stored.get("recurring") == "weekly", f"recurring field dropped! stored={stored}"
E   AssertionError: recurring field dropped! stored={'title': 'TEST_Recurring Yoga', 'description': '', 'date': '2026-02-10', 'time': '08:00', 'category': 'sport', 'assigned_to': [], 'color': '#90DBF4', 'event_id': 'evt_8b1456e0e02d', 'family_id': 'family-1776655943013', 'created_by': 'test-user-1776655943013', 'created_at': '2026-04-21T21:53:46.886702+00:00'}
E   assert None == 'weekly'
E    +  where None = &lt;built-in method get of dict object at 0xf98fbb287f00&gt;('recurring')
E    +    where &lt;built-in method get of dict object at 0xf98fbb287f00&gt; = {'assigned_to': [], 'category': 'sport', 'color': '#90DBF4', 'created_at': '2026-04-21T21:53:46.886702+00:00', ...}.get</failure></testcase><testcase classname="backend.tests.test_iteration2.TestEventRecurring" name="test_cleanup_recurring_event" time="0.071" /><testcase classname="backend.tests.test_iteration2.TestTemplates" name="test_create_template" time="0.095" /><testcase classname="backend.tests.test_iteration2.TestTemplates" name="test_list_templates" time="0.068" /><testcase classname="backend.tests.test_iteration2.TestTemplates" name="test_update_template" time="0.069" /><testcase classname="backend.tests.test_iteration2.TestTemplates" name="test_apply_template_adds_items" time="0.279" /><testcase classname="backend.tests.test_iteration2.TestTemplates" name="test_delete_template" time="0.144" /><testcase classname="backend.tests.test_iteration2.TestTemplates" name="test_delete_nonexistent_template" time="0.071" /><testcase classname="backend.tests.test_iteration2.TestTemplates" name="test_templates_unauth" time="0.069" /><testcase classname="backend.tests.test_iteration2.TestZCleanup" name="test_cleanup_shopping_items" time="0.177" /><testcase classname="backend.tests.test_iteration2.TestZCleanup" name="test_cleanup_children" time="0.147" /><testcase classname="backend.tests.test_iteration2.TestZCleanup" name="test_cleanup_family_name" time="0.072" /></testsuite></testsuites>