<?xml version="1.0" encoding="utf-8"?><testsuites name="pytest tests"><testsuite name="pytest" errors="0" failures="0" skipped="0" tests="33" time="4.071" timestamp="2026-04-20T03:33:20.686304+00:00" hostname="agent-env-1d0106b2-004a-4f17-9962-c4bb5bb3ff53"><testcase classname="backend.tests.test_api.TestHealth" name="test_root" time="0.211" /><testcase classname="backend.tests.test_api.TestAuth" name="test_me_unauthorized" time="0.057" /><testcase classname="backend.tests.test_api.TestAuth" name="test_me_invalid_token" time="0.052" /><testcase classname="backend.tests.test_api.TestAuth" name="test_me_with_bearer" time="0.121" /><testcase classname="backend.tests.test_api.TestAuth" name="test_session_missing_id" time="0.073" /><testcase classname="backend.tests.test_api.TestAuth" name="test_session_invalid_id" time="0.197" /><testcase classname="backend.tests.test_api.TestFamily" name="test_get_members_unauth" time="0.050" /><testcase classname="backend.tests.test_api.TestFamily" name="test_get_members" time="0.049" /><testcase classname="backend.tests.test_api.TestFamily" name="test_add_child_and_persist" time="0.123" /><testcase classname="backend.tests.test_api.TestFamily" name="test_delete_child" time="0.097" /><testcase classname="backend.tests.test_api.TestFamily" name="test_delete_nonexistent_child" time="0.048" /><testcase classname="backend.tests.test_api.TestEvents" name="test_list_events_unauth" time="0.051" /><testcase classname="backend.tests.test_api.TestEvents" name="test_create_event" time="0.134" /><testcase classname="backend.tests.test_api.TestEvents" name="test_list_events_contains" time="0.055" /><testcase classname="backend.tests.test_api.TestEvents" name="test_update_event" time="0.057" /><testcase classname="backend.tests.test_api.TestEvents" name="test_delete_event" time="0.098" /><testcase classname="backend.tests.test_api.TestEvents" name="test_delete_nonexistent_event" time="0.052" /><testcase classname="backend.tests.test_api.TestShopping" name="test_add_item" time="0.095" /><testcase classname="backend.tests.test_api.TestShopping" name="test_add_second_item" time="0.048" /><testcase classname="backend.tests.test_api.TestShopping" name="test_list_shopping" time="0.047" /><testcase classname="backend.tests.test_api.TestShopping" name="test_toggle_item" time="0.104" /><testcase classname="backend.tests.test_api.TestShopping" name="test_update_item" time="0.051" /><testcase classname="backend.tests.test_api.TestShopping" name="test_frequent_items_increments" time="0.051" /><testcase classname="backend.tests.test_api.TestShopping" name="test_clear_checked" time="0.102" /><testcase classname="backend.tests.test_api.TestShopping" name="test_delete_remaining" time="0.047" /><testcase classname="backend.tests.test_api.TestShopping" name="test_barcode_valid" time="0.966" /><testcase classname="backend.tests.test_api.TestShopping" name="test_barcode_bogus" time="0.426" /><testcase classname="backend.tests.test_api.TestNotes" name="test_create_note" time="0.076" /><testcase classname="backend.tests.test_api.TestNotes" name="test_list_notes" time="0.049" /><testcase classname="backend.tests.test_api.TestNotes" name="test_update_note" time="0.049" /><testcase classname="backend.tests.test_api.TestNotes" name="test_delete_note" time="0.096" /><testcase classname="backend.tests.test_api.TestNotes" name="test_delete_nonexistent_note" time="0.094" /><testcase classname="backend.tests.test_api.TestIsolation" name="test_other_family_cannot_see_data" time="0.001" /></testsuite></testsuites>